9/5/2017 11:02:14 AM, Info: Initializing SIMPLSharp Services...
9/5/2017 11:02:14 AM, Info: ProjectInfo successfully initialized.
9/5/2017 11:02:19 AM, Info: Verifying archive C:\Users\MFlink\VS Files\Programming\Towson U\Auburn House\SPlsWork\SSFileOps.clz...
9/5/2017 11:02:20 AM, Info: Saving project information...
9/5/2017 11:02:28 AM, Info: Commiting verification transaction...
9/5/2017 11:02:28 AM, Info: Saving project information...
9/5/2017 11:57:37 AM, Info: Initializing SIMPLSharp Services...
9/5/2017 11:57:37 AM, Info: ProjectInfo successfully initialized.
9/5/2017 11:57:39 AM, Info: Verifying archive C:\Users\MFlink\VS Files\Programming\Towson U\Auburn House\SPlsWork\SSFileOps.clz...
9/5/2017 11:57:39 AM, Info: Saving project information...
9/5/2017 11:57:44 AM, Info: Commiting verification transaction...
9/5/2017 11:57:44 AM, Info: Saving project information...
9/5/2017 1:33:15 PM, Info: Initializing SIMPLSharp Services...
9/5/2017 1:33:15 PM, Info: ProjectInfo successfully initialized.
9/5/2017 1:33:17 PM, Info: Verifying archive C:\Users\MFlink\VS Files\Programming\Towson U\Auburn House\SPlsWork\SSFileOps.clz...
9/5/2017 1:33:17 PM, Info: Saving project information...
9/5/2017 1:33:24 PM, Info: Commiting verification transaction...
9/5/2017 1:33:24 PM, Info: Saving project information...
9/5/2017 1:47:38 PM, Info: Initializing SIMPLSharp Services...
9/5/2017 1:47:38 PM, Info: ProjectInfo successfully initialized.
9/5/2017 1:47:39 PM, Info: Verifying archive C:\Users\MFlink\VS Files\Programming\Towson U\Auburn House\SPlsWork\SSFileOps.clz...
9/5/2017 1:47:39 PM, Info: Saving project information...
9/5/2017 1:47:46 PM, Info: Commiting verification transaction...
9/5/2017 1:47:46 PM, Info: Saving project information...
9/5/2017 1:48:16 PM, Info: Terminating SIMPLSharp Services
9/5/2017 1:48:16 PM, Info: Saving project information...
9/5/2017 1:48:16 PM, Info: Terminating SIMPLSharp Services
9/5/2017 1:48:16 PM, Info: Saving project information...
9/5/2017 1:48:16 PM, Info: Terminating SIMPLSharp Services
9/5/2017 1:48:16 PM, Info: Saving project information...
9/5/2017 1:48:16 PM, Info: Terminating SIMPLSharp Services
