8/22/2017 8:49:42 AM, Info: Initializing SIMPLSharp Services...
8/22/2017 8:49:43 AM, Info: ProjectInfo successfully initialized.
8/22/2017 8:49:44 AM, Info: Verifying archive C:\Users\MFlink\VS Files\Programming\Towson U\Liberal Arts (LA)\LA1117\SPlsWork\SSFileOps.clz...
8/22/2017 8:49:44 AM, Info: Saving project information...
8/22/2017 8:49:47 AM, Info: Commiting verification transaction...
8/22/2017 8:49:47 AM, Info: Saving project information...
8/22/2017 8:50:19 AM, Info: Initializing SIMPLSharp Services...
8/22/2017 8:50:19 AM, Info: ProjectInfo successfully initialized.
8/22/2017 8:50:20 AM, Info: Verifying archive C:\Users\MFlink\VS Files\Programming\Towson U\Liberal Arts (LA)\LA1117\SPlsWork\SSFileOps.clz...
8/22/2017 8:50:20 AM, Info: Saving project information...
8/22/2017 8:50:23 AM, Info: Commiting verification transaction...
8/22/2017 8:50:23 AM, Info: Saving project information...
8/22/2017 10:00:49 AM, Info: Initializing SIMPLSharp Services...
8/22/2017 10:00:49 AM, Info: ProjectInfo successfully initialized.
8/22/2017 10:00:50 AM, Info: Verifying archive C:\Users\MFlink\VS Files\Programming\Towson U\Liberal Arts (LA)\LA1117\SPlsWork\SSFileOps.clz...
8/22/2017 10:00:50 AM, Info: Saving project information...
8/22/2017 10:00:52 AM, Info: Verifying archive C:\Users\MFlink\VS Files\Programming\Towson U\Liberal Arts (LA)\LA1117\BiampTesiraLib.clz...
8/22/2017 10:00:53 AM, Info: Saving project information...
8/22/2017 10:00:55 AM, Info: Verifying archive C:\Users\MFlink\VS Files\Programming\Towson U\Liberal Arts (LA)\LA1117\BiampTesiraLib.clz...
8/22/2017 10:00:56 AM, Info: Saving project information...
8/22/2017 10:00:57 AM, Info: Verifying archive C:\Users\MFlink\VS Files\Programming\Towson U\Liberal Arts (LA)\LA1117\BiampTesiraLib.clz...
8/22/2017 10:00:58 AM, Info: Saving project information...
8/22/2017 10:01:00 AM, Info: Commiting verification transaction...
8/22/2017 10:01:00 AM, Info: Saving project information...
8/22/2017 10:04:42 AM, Info: Initializing SIMPLSharp Services...
8/22/2017 10:04:42 AM, Info: ProjectInfo successfully initialized.
8/22/2017 10:04:43 AM, Info: Verifying archive C:\Users\MFlink\VS Files\Programming\Towson U\Liberal Arts (LA)\LA1117\SPlsWork\SSFileOps.clz...
8/22/2017 10:04:43 AM, Info: Saving project information...
8/22/2017 10:04:45 AM, Info: Verifying archive C:\Users\MFlink\VS Files\Programming\Towson U\Liberal Arts (LA)\LA1117\BiampTesiraLib.clz...
8/22/2017 10:04:46 AM, Info: Saving project information...
8/22/2017 10:04:47 AM, Info: Verifying archive C:\Users\MFlink\VS Files\Programming\Towson U\Liberal Arts (LA)\LA1117\BiampTesiraLib.clz...
8/22/2017 10:04:48 AM, Info: Saving project information...
8/22/2017 10:04:49 AM, Info: Verifying archive C:\Users\MFlink\VS Files\Programming\Towson U\Liberal Arts (LA)\LA1117\BiampTesiraLib.clz...
8/22/2017 10:04:50 AM, Info: Saving project information...
8/22/2017 10:04:50 AM, Info: Commiting verification transaction...
8/22/2017 10:04:50 AM, Info: Saving project information...
8/22/2017 10:20:06 AM, Info: Initializing SIMPLSharp Services...
8/22/2017 10:20:06 AM, Info: ProjectInfo successfully initialized.
8/22/2017 10:20:07 AM, Info: Verifying archive C:\Users\MFlink\VS Files\Programming\Towson U\Liberal Arts (LA)\LA1117\SPlsWork\SSFileOps.clz...
8/22/2017 10:20:07 AM, Info: Saving project information...
8/22/2017 10:20:11 AM, Info: Verifying archive C:\Users\MFlink\VS Files\Programming\Towson U\Liberal Arts (LA)\LA1117\BiampTesiraLib.clz...
8/22/2017 10:20:12 AM, Info: Saving project information...
8/22/2017 10:20:13 AM, Info: Verifying archive C:\Users\MFlink\VS Files\Programming\Towson U\Liberal Arts (LA)\LA1117\BiampTesiraLib.clz...
8/22/2017 10:20:14 AM, Info: Saving project information...
8/22/2017 10:20:14 AM, Info: Verifying archive C:\Users\MFlink\VS Files\Programming\Towson U\Liberal Arts (LA)\LA1117\BiampTesiraLib.clz...
8/22/2017 10:20:15 AM, Info: Saving project information...
8/22/2017 10:20:16 AM, Info: Commiting verification transaction...
8/22/2017 10:20:16 AM, Info: Saving project information...
8/22/2017 10:28:06 AM, Info: Initializing SIMPLSharp Services...
8/22/2017 10:28:06 AM, Info: ProjectInfo successfully initialized.
8/22/2017 10:28:07 AM, Info: Verifying archive C:\Users\MFlink\VS Files\Programming\Towson U\Liberal Arts (LA)\LA1117\SPlsWork\SSFileOps.clz...
8/22/2017 10:28:07 AM, Info: Saving project information...
8/22/2017 10:28:10 AM, Info: Verifying archive C:\Users\MFlink\VS Files\Programming\Towson U\Liberal Arts (LA)\LA1117\BiampTesiraLib.clz...
8/22/2017 10:28:11 AM, Info: Saving project information...
8/22/2017 10:28:12 AM, Info: Verifying archive C:\Users\MFlink\VS Files\Programming\Towson U\Liberal Arts (LA)\LA1117\BiampTesiraLib.clz...
8/22/2017 10:28:13 AM, Info: Saving project information...
8/22/2017 10:28:13 AM, Info: Verifying archive C:\Users\MFlink\VS Files\Programming\Towson U\Liberal Arts (LA)\LA1117\BiampTesiraLib.clz...
8/22/2017 10:28:14 AM, Info: Saving project information...
8/22/2017 10:28:17 AM, Info: Commiting verification transaction...
8/22/2017 10:28:17 AM, Info: Saving project information...
8/22/2017 10:28:41 AM, Info: Terminating SIMPLSharp Services
8/22/2017 10:28:41 AM, Info: Saving project information...
8/22/2017 10:28:41 AM, Info: Terminating SIMPLSharp Services
8/22/2017 10:28:41 AM, Info: Saving project information...
8/22/2017 10:28:42 AM, Info: Terminating SIMPLSharp Services
8/22/2017 10:28:42 AM, Info: Saving project information...
8/22/2017 10:28:42 AM, Info: Terminating SIMPLSharp Services
8/22/2017 10:28:42 AM, Info: Saving project information...
8/22/2017 10:28:42 AM, Info: Terminating SIMPLSharp Services
8/22/2017 10:28:42 AM, Info: Saving project information...
8/22/2017 10:28:42 AM, Info: Terminating SIMPLSharp Services
