11/15/2017 12:24:22 PM, Info: Initializing SIMPLSharp Services...
11/15/2017 12:24:22 PM, Info: ProjectInfo successfully initialized.
11/15/2017 12:24:27 PM, Info: Verifying archive C:\Users\MFlink\iCloudDrive\Crestron Files\VS Files\Programming\Towson U\Liberal Arts (LA)\LA1117\SPlsWork\SSFileOps.clz...
11/15/2017 12:24:27 PM, Info: Saving project information...
11/15/2017 12:24:36 PM, Info: Verifying archive C:\Users\MFlink\iCloudDrive\Crestron Files\VS Files\Programming\Towson U\Liberal Arts (LA)\LA1117\BiampTesiraLib.clz...
11/15/2017 12:24:38 PM, Info: Saving project information...
11/15/2017 12:24:39 PM, Info: Verifying archive C:\Users\MFlink\iCloudDrive\Crestron Files\VS Files\Programming\Towson U\Liberal Arts (LA)\LA1117\BiampTesiraLib.clz...
11/15/2017 12:24:40 PM, Info: Saving project information...
11/15/2017 12:24:41 PM, Info: Verifying archive C:\Users\MFlink\iCloudDrive\Crestron Files\VS Files\Programming\Towson U\Liberal Arts (LA)\LA1117\BiampTesiraLib.clz...
11/15/2017 12:24:43 PM, Info: Saving project information...
11/15/2017 12:24:49 PM, Info: Commiting verification transaction...
11/15/2017 12:24:49 PM, Info: Saving project information...
11/15/2017 12:25:53 PM, Info: Initializing SIMPLSharp Services...
11/15/2017 12:25:53 PM, Info: ProjectInfo successfully initialized.
11/15/2017 12:25:54 PM, Info: Verifying archive C:\Users\MFlink\iCloudDrive\Crestron Files\VS Files\Programming\Towson U\Liberal Arts (LA)\LA1117\SPlsWork\SSFileOps.clz...
11/15/2017 12:25:55 PM, Info: Saving project information...
11/15/2017 12:25:59 PM, Info: Verifying archive C:\Users\MFlink\iCloudDrive\Crestron Files\VS Files\Programming\Towson U\Liberal Arts (LA)\LA1117\BiampTesiraLib.clz...
11/15/2017 12:26:00 PM, Info: Saving project information...
11/15/2017 12:26:01 PM, Info: Verifying archive C:\Users\MFlink\iCloudDrive\Crestron Files\VS Files\Programming\Towson U\Liberal Arts (LA)\LA1117\BiampTesiraLib.clz...
11/15/2017 12:26:02 PM, Info: Saving project information...
11/15/2017 12:26:03 PM, Info: Verifying archive C:\Users\MFlink\iCloudDrive\Crestron Files\VS Files\Programming\Towson U\Liberal Arts (LA)\LA1117\BiampTesiraLib.clz...
11/15/2017 12:26:04 PM, Info: Saving project information...
11/15/2017 12:26:07 PM, Info: Commiting verification transaction...
11/15/2017 12:26:07 PM, Info: Saving project information...
11/15/2017 12:48:27 PM, Info: Initializing SIMPLSharp Services...
11/15/2017 12:48:27 PM, Info: ProjectInfo successfully initialized.
11/15/2017 12:48:28 PM, Info: Verifying archive C:\Users\MFlink\iCloudDrive\Crestron Files\VS Files\Programming\Towson U\Liberal Arts (LA)\LA1117\SPlsWork\SSFileOps.clz...
11/15/2017 12:48:28 PM, Info: Saving project information...
11/15/2017 12:48:31 PM, Info: Verifying archive C:\Users\MFlink\iCloudDrive\Crestron Files\VS Files\Programming\Towson U\Liberal Arts (LA)\LA1117\BiampTesiraLib.clz...
11/15/2017 12:48:32 PM, Info: Saving project information...
11/15/2017 12:48:32 PM, Info: Verifying archive C:\Users\MFlink\iCloudDrive\Crestron Files\VS Files\Programming\Towson U\Liberal Arts (LA)\LA1117\BiampTesiraLib.clz...
11/15/2017 12:48:33 PM, Info: Saving project information...
11/15/2017 12:48:34 PM, Info: Verifying archive C:\Users\MFlink\iCloudDrive\Crestron Files\VS Files\Programming\Towson U\Liberal Arts (LA)\LA1117\BiampTesiraLib.clz...
11/15/2017 12:48:34 PM, Info: Saving project information...
11/15/2017 12:48:36 PM, Info: Commiting verification transaction...
11/15/2017 12:48:36 PM, Info: Saving project information...
11/15/2017 12:55:03 PM, Info: Initializing SIMPLSharp Services...
11/15/2017 12:55:03 PM, Info: ProjectInfo successfully initialized.
11/15/2017 12:55:04 PM, Info: Verifying archive C:\Users\MFlink\iCloudDrive\Crestron Files\VS Files\Programming\Towson U\Liberal Arts (LA)\LA1117\SPlsWork\SSFileOps.clz...
11/15/2017 12:55:05 PM, Info: Saving project information...
11/15/2017 12:55:07 PM, Info: Verifying archive C:\Users\MFlink\iCloudDrive\Crestron Files\VS Files\Programming\Towson U\Liberal Arts (LA)\LA1117\BiampTesiraLib.clz...
11/15/2017 12:55:08 PM, Info: Saving project information...
11/15/2017 12:55:09 PM, Info: Verifying archive C:\Users\MFlink\iCloudDrive\Crestron Files\VS Files\Programming\Towson U\Liberal Arts (LA)\LA1117\BiampTesiraLib.clz...
11/15/2017 12:55:10 PM, Info: Saving project information...
11/15/2017 12:55:11 PM, Info: Verifying archive C:\Users\MFlink\iCloudDrive\Crestron Files\VS Files\Programming\Towson U\Liberal Arts (LA)\LA1117\BiampTesiraLib.clz...
11/15/2017 12:55:12 PM, Info: Saving project information...
11/15/2017 12:55:13 PM, Info: Commiting verification transaction...
11/15/2017 12:55:13 PM, Info: Saving project information...
11/15/2017 12:55:26 PM, Info: Initializing SIMPLSharp Services...
11/15/2017 12:55:26 PM, Info: ProjectInfo successfully initialized.
11/15/2017 12:55:27 PM, Info: Verifying archive C:\Users\MFlink\iCloudDrive\Crestron Files\VS Files\Programming\Towson U\Liberal Arts (LA)\LA1117\SPlsWork\SSFileOps.clz...
11/15/2017 12:55:28 PM, Info: Saving project information...
11/15/2017 12:55:31 PM, Info: Verifying archive C:\Users\MFlink\iCloudDrive\Crestron Files\VS Files\Programming\Towson U\Liberal Arts (LA)\LA1117\BiampTesiraLib.clz...
11/15/2017 12:55:32 PM, Info: Saving project information...
11/15/2017 12:55:32 PM, Info: Verifying archive C:\Users\MFlink\iCloudDrive\Crestron Files\VS Files\Programming\Towson U\Liberal Arts (LA)\LA1117\BiampTesiraLib.clz...
11/15/2017 12:55:33 PM, Info: Saving project information...
11/15/2017 12:55:33 PM, Info: Verifying archive C:\Users\MFlink\iCloudDrive\Crestron Files\VS Files\Programming\Towson U\Liberal Arts (LA)\LA1117\BiampTesiraLib.clz...
11/15/2017 12:55:34 PM, Info: Saving project information...
11/15/2017 12:55:36 PM, Info: Commiting verification transaction...
11/15/2017 12:55:36 PM, Info: Saving project information...
11/15/2017 1:30:24 PM, Info: Initializing SIMPLSharp Services...
11/15/2017 1:30:24 PM, Info: ProjectInfo successfully initialized.
11/15/2017 1:30:25 PM, Info: Verifying archive C:\Users\MFlink\iCloudDrive\Crestron Files\VS Files\Programming\Towson U\Liberal Arts (LA)\LA1117\SPlsWork\SSFileOps.clz...
11/15/2017 1:30:25 PM, Info: Saving project information...
11/15/2017 1:30:28 PM, Info: Verifying archive C:\Users\MFlink\iCloudDrive\Crestron Files\VS Files\Programming\Towson U\Liberal Arts (LA)\LA1117\BiampTesiraLib.clz...
11/15/2017 1:30:29 PM, Info: Saving project information...
11/15/2017 1:30:30 PM, Info: Verifying archive C:\Users\MFlink\iCloudDrive\Crestron Files\VS Files\Programming\Towson U\Liberal Arts (LA)\LA1117\BiampTesiraLib.clz...
11/15/2017 1:30:31 PM, Info: Saving project information...
11/15/2017 1:30:31 PM, Info: Verifying archive C:\Users\MFlink\iCloudDrive\Crestron Files\VS Files\Programming\Towson U\Liberal Arts (LA)\LA1117\BiampTesiraLib.clz...
11/15/2017 1:30:32 PM, Info: Saving project information...
11/15/2017 1:30:34 PM, Info: Commiting verification transaction...
11/15/2017 1:30:34 PM, Info: Saving project information...
11/15/2017 2:00:47 PM, Info: Initializing SIMPLSharp Services...
11/15/2017 2:00:47 PM, Info: ProjectInfo successfully initialized.
11/15/2017 2:00:48 PM, Info: Verifying archive C:\Users\MFlink\iCloudDrive\Crestron Files\VS Files\Programming\Towson U\Liberal Arts (LA)\LA1117\SPlsWork\SSFileOps.clz...
11/15/2017 2:00:48 PM, Info: Saving project information...
11/15/2017 2:00:50 PM, Info: Verifying archive C:\Users\MFlink\iCloudDrive\Crestron Files\VS Files\Programming\Towson U\Liberal Arts (LA)\LA1117\BiampTesiraLib.clz...
11/15/2017 2:00:51 PM, Info: Saving project information...
11/15/2017 2:00:52 PM, Info: Verifying archive C:\Users\MFlink\iCloudDrive\Crestron Files\VS Files\Programming\Towson U\Liberal Arts (LA)\LA1117\BiampTesiraLib.clz...
11/15/2017 2:00:53 PM, Info: Saving project information...
11/15/2017 2:00:53 PM, Info: Verifying archive C:\Users\MFlink\iCloudDrive\Crestron Files\VS Files\Programming\Towson U\Liberal Arts (LA)\LA1117\BiampTesiraLib.clz...
11/15/2017 2:00:54 PM, Info: Saving project information...
11/15/2017 2:00:56 PM, Info: Commiting verification transaction...
11/15/2017 2:00:56 PM, Info: Saving project information...
11/15/2017 2:08:44 PM, Info: Initializing SIMPLSharp Services...
11/15/2017 2:08:44 PM, Info: ProjectInfo successfully initialized.
11/15/2017 2:08:45 PM, Info: Verifying archive C:\Users\MFlink\iCloudDrive\Crestron Files\VS Files\Programming\Towson U\Liberal Arts (LA)\LA1117\SPlsWork\SSFileOps.clz...
11/15/2017 2:08:45 PM, Info: Saving project information...
11/15/2017 2:08:48 PM, Info: Verifying archive C:\Users\MFlink\iCloudDrive\Crestron Files\VS Files\Programming\Towson U\Liberal Arts (LA)\LA1117\BiampTesiraLib.clz...
11/15/2017 2:08:49 PM, Info: Saving project information...
11/15/2017 2:08:50 PM, Info: Verifying archive C:\Users\MFlink\iCloudDrive\Crestron Files\VS Files\Programming\Towson U\Liberal Arts (LA)\LA1117\BiampTesiraLib.clz...
11/15/2017 2:08:51 PM, Info: Saving project information...
11/15/2017 2:08:51 PM, Info: Verifying archive C:\Users\MFlink\iCloudDrive\Crestron Files\VS Files\Programming\Towson U\Liberal Arts (LA)\LA1117\BiampTesiraLib.clz...
11/15/2017 2:08:52 PM, Info: Saving project information...
11/15/2017 2:08:53 PM, Info: Commiting verification transaction...
11/15/2017 2:08:53 PM, Info: Saving project information...
11/15/2017 2:15:31 PM, Info: Initializing SIMPLSharp Services...
11/15/2017 2:15:31 PM, Info: ProjectInfo successfully initialized.
11/15/2017 2:15:32 PM, Info: Verifying archive C:\Users\MFlink\iCloudDrive\Crestron Files\VS Files\Programming\Towson U\Liberal Arts (LA)\LA1117\SPlsWork\SSFileOps.clz...
11/15/2017 2:15:32 PM, Info: Saving project information...
11/15/2017 2:15:35 PM, Info: Verifying archive C:\Users\MFlink\iCloudDrive\Crestron Files\VS Files\Programming\Towson U\Liberal Arts (LA)\LA1117\BiampTesiraLib.clz...
11/15/2017 2:15:36 PM, Info: Saving project information...
11/15/2017 2:15:37 PM, Info: Verifying archive C:\Users\MFlink\iCloudDrive\Crestron Files\VS Files\Programming\Towson U\Liberal Arts (LA)\LA1117\BiampTesiraLib.clz...
11/15/2017 2:15:38 PM, Info: Saving project information...
11/15/2017 2:15:38 PM, Info: Verifying archive C:\Users\MFlink\iCloudDrive\Crestron Files\VS Files\Programming\Towson U\Liberal Arts (LA)\LA1117\BiampTesiraLib.clz...
11/15/2017 2:15:39 PM, Info: Saving project information...
11/15/2017 2:15:42 PM, Info: Commiting verification transaction...
11/15/2017 2:15:42 PM, Info: Saving project information...
11/15/2017 2:16:56 PM, Info: Initializing SIMPLSharp Services...
11/15/2017 2:16:56 PM, Info: ProjectInfo successfully initialized.
11/15/2017 2:16:57 PM, Info: Verifying archive C:\Users\MFlink\iCloudDrive\Crestron Files\VS Files\Programming\Towson U\Liberal Arts (LA)\LA1117\SPlsWork\SSFileOps.clz...
11/15/2017 2:16:57 PM, Info: Saving project information...
11/15/2017 2:17:00 PM, Info: Verifying archive C:\Users\MFlink\iCloudDrive\Crestron Files\VS Files\Programming\Towson U\Liberal Arts (LA)\LA1117\BiampTesiraLib.clz...
11/15/2017 2:17:01 PM, Info: Saving project information...
11/15/2017 2:17:02 PM, Info: Verifying archive C:\Users\MFlink\iCloudDrive\Crestron Files\VS Files\Programming\Towson U\Liberal Arts (LA)\LA1117\BiampTesiraLib.clz...
11/15/2017 2:17:03 PM, Info: Saving project information...
11/15/2017 2:17:03 PM, Info: Verifying archive C:\Users\MFlink\iCloudDrive\Crestron Files\VS Files\Programming\Towson U\Liberal Arts (LA)\LA1117\BiampTesiraLib.clz...
11/15/2017 2:17:04 PM, Info: Saving project information...
11/15/2017 2:17:06 PM, Info: Commiting verification transaction...
11/15/2017 2:17:06 PM, Info: Saving project information...
11/15/2017 4:25:56 PM, Info: Terminating SIMPLSharp Services
11/15/2017 4:25:56 PM, Info: Saving project information...
11/15/2017 4:25:56 PM, Info: Terminating SIMPLSharp Services
11/15/2017 4:25:56 PM, Info: Saving project information...
11/15/2017 4:25:56 PM, Info: Terminating SIMPLSharp Services
11/15/2017 4:25:56 PM, Info: Saving project information...
11/15/2017 4:25:56 PM, Info: Terminating SIMPLSharp Services
11/15/2017 4:25:56 PM, Info: Saving project information...
11/15/2017 4:25:56 PM, Info: Terminating SIMPLSharp Services
11/15/2017 4:25:56 PM, Info: Saving project information...
11/15/2017 4:25:56 PM, Info: Terminating SIMPLSharp Services
11/15/2017 4:25:56 PM, Info: Saving project information...
11/15/2017 4:25:56 PM, Info: Terminating SIMPLSharp Services
11/15/2017 4:25:56 PM, Info: Saving project information...
11/15/2017 4:25:56 PM, Info: Terminating SIMPLSharp Services
11/15/2017 4:25:56 PM, Info: Saving project information...
11/15/2017 4:25:56 PM, Info: Terminating SIMPLSharp Services
11/15/2017 4:25:56 PM, Info: Saving project information...
11/15/2017 4:25:56 PM, Info: Terminating SIMPLSharp Services
